app/build/intermediates/manifest_merge_blame_file/debug/manifest-merger-blame-debug-report.txt
1<?xml version="1.0" encoding="utf-8"?>
2<manifest xmlns:android="http://schemas.android.com/apk/res/android"
3    package="com.capstone.ready2walk"
4    android:versionCode="1"
5    android:versionName="1.0" >
6
7    <uses-sdk
8        android:minSdkVersion="21"
8-->src\main\AndroidManifest.xml
9        android:targetSdkVersion="29" />
9-->src\main\AndroidManifest.xml
10
11    <!-- To access Google+ APIs: -->
12    <uses-permission android:name="android.permission.INTERNET" />
12-->src\main\AndroidManifest.xml:6:5-67
12-->src\main\AndroidManifest.xml:6:22-64
13
14    <application
14-->src\main\AndroidManifest.xml:8:5-22:19
15        android:allowBackup="true"
15-->src\main\AndroidManifest.xml:9:9-35
16        android:appComponentFactory="androidx.core.app.CoreComponentFactory"
16-->[androidx.core:core:1.1.0] AndroidManifest.xml:24:18-86
17        android:debuggable="true"
18        android:icon="@mipmap/ic_launcher"
18-->src\main\AndroidManifest.xml:10:9-43
19        android:label="@string/app_name"
19-->src\main\AndroidManifest.xml:11:9-41
20        android:roundIcon="@mipmap/ic_launcher_round"
20-->src\main\AndroidManifest.xml:12:9-54
21        android:supportsRtl="true"
21-->src\main\AndroidManifest.xml:13:9-35
22        android:theme="@style/AppTheme" >
22-->src\main\AndroidManifest.xml:14:9-40
23        <activity android:name="com.capstone.ready2walk.UI.MainActivity" >
23-->src\main\AndroidManifest.xml:15:9-21:20
23-->src\main\AndroidManifest.xml:15:19-50
24            <intent-filter>
24-->src\main\AndroidManifest.xml:16:13-20:29
25                <action android:name="android.intent.action.MAIN" />
25-->src\main\AndroidManifest.xml:17:17-69
25-->src\main\AndroidManifest.xml:17:25-66
26
27                <category android:name="android.intent.category.LAUNCHER" />
27-->src\main\AndroidManifest.xml:19:17-77
27-->src\main\AndroidManifest.xml:19:27-74
28            </intent-filter>
29        </activity>
30
31        <service
31-->[androidx.room:room-runtime:2.2.3] AndroidManifest.xml:25:9-27:40
32            android:name="androidx.room.MultiInstanceInvalidationService"
32-->[androidx.room:room-runtime:2.2.3] AndroidManifest.xml:26:13-74
33            android:exported="false" />
33-->[androidx.room:room-runtime:2.2.3] AndroidManifest.xml:27:13-37
34
35        <activity
35-->[com.google.android.gms:play-services-base:17.0.0] AndroidManifest.xml:23:9-26:75
36            android:name="com.google.android.gms.common.api.GoogleApiActivity"
36-->[com.google.android.gms:play-services-base:17.0.0] AndroidManifest.xml:24:13-79
37            android:exported="false"
37-->[com.google.android.gms:play-services-base:17.0.0] AndroidManifest.xml:25:13-37
38            android:theme="@android:style/Theme.Translucent.NoTitleBar" />
38-->[com.google.android.gms:play-services-base:17.0.0] AndroidManifest.xml:26:13-72
39
40        <meta-data
40-->[com.google.android.gms:play-services-basement:17.0.0] AndroidManifest.xml:23:9-25:69
41            android:name="com.google.android.gms.version"
41-->[com.google.android.gms:play-services-basement:17.0.0] AndroidManifest.xml:24:13-58
42            android:value="@integer/google_play_services_version" />
42-->[com.google.android.gms:play-services-basement:17.0.0] AndroidManifest.xml:25:13-66
43
44        <provider
44-->[androidx.lifecycle:lifecycle-process:2.2.0-rc03] AndroidManifest.xml:25:9-29:43
45            android:name="androidx.lifecycle.ProcessLifecycleOwnerInitializer"
45-->[androidx.lifecycle:lifecycle-process:2.2.0-rc03] AndroidManifest.xml:26:13-79
46            android:authorities="com.capstone.ready2walk.lifecycle-process"
46-->[androidx.lifecycle:lifecycle-process:2.2.0-rc03] AndroidManifest.xml:27:13-69
47            android:exported="false"
47-->[androidx.lifecycle:lifecycle-process:2.2.0-rc03] AndroidManifest.xml:28:13-37
48            android:multiprocess="true" />
48-->[androidx.lifecycle:lifecycle-process:2.2.0-rc03] AndroidManifest.xml:29:13-40
49    </application>
50
51</manifest>